[1.786s] Invoking command in '/home/ay93/sparky_ws/src/sparky_package': PYTHONPATH=/home/ay93/sparky_ws/build/sparky_package/prefix_override:/home/ay93/sparky_ws/install/sparky_package/lib/python3.8/site-packages:${PYTHONPATH} /usr/bin/python3 setup.py egg_info --egg-base ../../build/sparky_package build --build-base /home/ay93/sparky_ws/build/sparky_package/build install --record /home/ay93/sparky_ws/build/sparky_package/install.log --single-version-externally-managed
[2.148s] running egg_info
[2.149s] creating ../../build/sparky_package/sparky_package.egg-info
[2.151s] writing ../../build/sparky_package/sparky_package.egg-info/PKG-INFO
[2.152s] writing dependency_links to ../../build/sparky_package/sparky_package.egg-info/dependency_links.txt
[2.152s] writing entry points to ../../build/sparky_package/sparky_package.egg-info/entry_points.txt
[2.152s] writing requirements to ../../build/sparky_package/sparky_package.egg-info/requires.txt
[2.153s] writing top-level names to ../../build/sparky_package/sparky_package.egg-info/top_level.txt
[2.154s] writing manifest file '../../build/sparky_package/sparky_package.egg-info/SOURCES.txt'
[2.198s] reading manifest file '../../build/sparky_package/sparky_package.egg-info/SOURCES.txt'
[2.199s] writing manifest file '../../build/sparky_package/sparky_package.egg-info/SOURCES.txt'
[2.200s] running build
[2.201s] running build_py
[2.202s] creating /home/ay93/sparky_ws/build/sparky_package/build
[2.202s] creating /home/ay93/sparky_ws/build/sparky_package/build/lib
[2.202s] creating /home/ay93/sparky_ws/build/sparky_package/build/lib/sparky_package
[2.202s] copying sparky_package/__init__.py -> /home/ay93/sparky_ws/build/sparky_package/build/lib/sparky_package
[2.202s] copying sparky_package/sparky_node.py -> /home/ay93/sparky_ws/build/sparky_package/build/lib/sparky_package
[2.202s] running install
[2.204s] running install_lib
[2.206s] creating /home/ay93/sparky_ws/install/sparky_package/lib/python3.8/site-packages/sparky_package
[2.206s] copying /home/ay93/sparky_ws/build/sparky_package/build/lib/sparky_package/__init__.py -> /home/ay93/sparky_ws/install/sparky_package/lib/python3.8/site-packages/sparky_package
[2.206s] copying /home/ay93/sparky_ws/build/sparky_package/build/lib/sparky_package/sparky_node.py -> /home/ay93/sparky_ws/install/sparky_package/lib/python3.8/site-packages/sparky_package
[2.207s] byte-compiling /home/ay93/sparky_ws/install/sparky_package/lib/python3.8/site-packages/sparky_package/__init__.py to __init__.cpython-38.pyc
[2.210s] byte-compiling /home/ay93/sparky_ws/install/sparky_package/lib/python3.8/site-packages/sparky_package/sparky_node.py to sparky_node.cpython-38.pyc
[2.211s] running install_data
[2.213s] creating /home/ay93/sparky_ws/install/sparky_package/share/ament_index
[2.213s] creating /home/ay93/sparky_ws/install/sparky_package/share/ament_index/resource_index
[2.213s] creating /home/ay93/sparky_ws/install/sparky_package/share/ament_index/resource_index/packages
[2.213s] copying resource/sparky_package -> /home/ay93/sparky_ws/install/sparky_package/share/ament_index/resource_index/packages
[2.214s] copying package.xml -> /home/ay93/sparky_ws/install/sparky_package/share/sparky_package
[2.214s] running install_egg_info
[2.216s] Copying ../../build/sparky_package/sparky_package.egg-info to /home/ay93/sparky_ws/install/sparky_package/lib/python3.8/site-packages/sparky_package-0.0.0-py3.8.egg-info
[2.225s] running install_scripts
[2.247s] Installing sparky_node script to /home/ay93/sparky_ws/install/sparky_package/lib/sparky_package
[2.248s] writing list of installed files to '/home/ay93/sparky_ws/build/sparky_package/install.log'
[2.279s] Invoked command in '/home/ay93/sparky_ws/src/sparky_package' returned '0': PYTHONPATH=/home/ay93/sparky_ws/build/sparky_package/prefix_override:/home/ay93/sparky_ws/install/sparky_package/lib/python3.8/site-packages:${PYTHONPATH} /usr/bin/python3 setup.py egg_info --egg-base ../../build/sparky_package build --build-base /home/ay93/sparky_ws/build/sparky_package/build install --record /home/ay93/sparky_ws/build/sparky_package/install.log --single-version-externally-managed
