running egg_info
writing ../../build/sparky_package/sparky_package.egg-info/PKG-INFO
writing dependency_links to ../../build/sparky_package/sparky_package.egg-info/dependency_links.txt
writing entry points to ../../build/sparky_package/sparky_package.egg-info/entry_points.txt
writing requirements to ../../build/sparky_package/sparky_package.egg-info/requires.txt
writing top-level names to ../../build/sparky_package/sparky_package.egg-info/top_level.txt
reading manifest file '../../build/sparky_package/sparky_package.egg-info/SOURCES.txt'
writing manifest file '../../build/sparky_package/sparky_package.egg-info/SOURCES.txt'
running build
running build_py
copying sparky_package/sparky_node.py -> /home/ay93/sparky_ws/build/sparky_package/build/lib/sparky_package
running install
running install_lib
copying /home/ay93/sparky_ws/build/sparky_package/build/lib/sparky_package/sparky_node.py -> /home/ay93/sparky_ws/install/sparky_package/lib/python3.8/site-packages/sparky_package
byte-compiling /home/ay93/sparky_ws/install/sparky_package/lib/python3.8/site-packages/sparky_package/sparky_node.py to sparky_node.cpython-38.pyc
running install_data
copying package.xml -> /home/ay93/sparky_ws/install/sparky_package/share/sparky_package
running install_egg_info
removing '/home/ay93/sparky_ws/install/sparky_package/lib/python3.8/site-packages/sparky_package-0.0.0-py3.8.egg-info' (and everything under it)
Copying ../../build/sparky_package/sparky_package.egg-info to /home/ay93/sparky_ws/install/sparky_package/lib/python3.8/site-packages/sparky_package-0.0.0-py3.8.egg-info
running install_scripts
Installing sparky_node script to /home/ay93/sparky_ws/install/sparky_package/lib/sparky_package
writing list of installed files to '/home/ay93/sparky_ws/build/sparky_package/install.log'
